2024-05-31T21:25:36.2050649+01:00  [WRN] The WebRootPath was not found: "C:\Users\tayss\OneDrive\Desktop\EnerManage\QuickApp-master\QuickApp.Server\wwwroot". Static files may be unavailable. (3ae2c740)
2024-05-31T21:25:37.2183868+01:00  [WRN] No store type was specified for the decimal property '"Bonification"' on entity type '"BillCalculationModel"'. This will cause values to be silently truncated if they do not fit in the default precision and scale. Explicitly specify the SQL server column type that can accommodate all the values in 'OnModelCreating' using 'HasColumnType', specify precision and scale using 'HasPrecision', or configure a value converter using 'HasConversion'. (fff75eb8)
2024-05-31T21:25:37.2236016+01:00  [WRN] No store type was specified for the decimal property '"ContributionGMG"' on entity type '"BillCalculationModel"'. This will cause values to be silently truncated if they do not fit in the default precision and scale. Explicitly specify the SQL server column type that can accommodate all the values in 'OnModelCreating' using 'HasColumnType', specify precision and scale using 'HasPrecision', or configure a value converter using 'HasConversion'. (fff75eb8)
2024-05-31T21:25:37.2257758+01:00  [WRN] No store type was specified for the decimal property '"ContributionRTT"' on entity type '"BillCalculationModel"'. This will cause values to be silently truncated if they do not fit in the default precision and scale. Explicitly specify the SQL server column type that can accommodate all the values in 'OnModelCreating' using 'HasColumnType', specify precision and scale using 'HasPrecision', or configure a value converter using 'HasConversion'. (fff75eb8)
2024-05-31T21:25:37.2278868+01:00  [WRN] No store type was specified for the decimal property '"FraisIntervention"' on entity type '"BillCalculationModel"'. This will cause values to be silently truncated if they do not fit in the default precision and scale. Explicitly specify the SQL server column type that can accommodate all the values in 'OnModelCreating' using 'HasColumnType', specify precision and scale using 'HasPrecision', or configure a value converter using 'HasConversion'. (fff75eb8)
2024-05-31T21:25:37.2296748+01:00  [WRN] No store type was specified for the decimal property '"FraisRelance"' on entity type '"BillCalculationModel"'. This will cause values to be silently truncated if they do not fit in the default precision and scale. Explicitly specify the SQL server column type that can accommodate all the values in 'OnModelCreating' using 'HasColumnType', specify precision and scale using 'HasPrecision', or configure a value converter using 'HasConversion'. (fff75eb8)
2024-05-31T21:25:37.2316649+01:00  [WRN] No store type was specified for the decimal property '"FraisRetard"' on entity type '"BillCalculationModel"'. This will cause values to be silently truncated if they do not fit in the default precision and scale. Explicitly specify the SQL server column type that can accommodate all the values in 'OnModelCreating' using 'HasColumnType', specify precision and scale using 'HasPrecision', or configure a value converter using 'HasConversion'. (fff75eb8)
2024-05-31T21:25:37.2331772+01:00  [WRN] No store type was specified for the decimal property '"LocationMateriel"' on entity type '"BillCalculationModel"'. This will cause values to be silently truncated if they do not fit in the default precision and scale. Explicitly specify the SQL server column type that can accommodate all the values in 'OnModelCreating' using 'HasColumnType', specify precision and scale using 'HasPrecision', or configure a value converter using 'HasConversion'. (fff75eb8)
2024-05-31T21:25:37.2363355+01:00  [WRN] No store type was specified for the decimal property '"Penalite"' on entity type '"BillCalculationModel"'. This will cause values to be silently truncated if they do not fit in the default precision and scale. Explicitly specify the SQL server column type that can accommodate all the values in 'OnModelCreating' using 'HasColumnType', specify precision and scale using 'HasPrecision', or configure a value converter using 'HasConversion'. (fff75eb8)
2024-05-31T21:25:37.2385493+01:00  [WRN] No store type was specified for the decimal property '"PrimePuissance"' on entity type '"BillCalculationModel"'. This will cause values to be silently truncated if they do not fit in the default precision and scale. Explicitly specify the SQL server column type that can accommodate all the values in 'OnModelCreating' using 'HasColumnType', specify precision and scale using 'HasPrecision', or configure a value converter using 'HasConversion'. (fff75eb8)
2024-05-31T21:25:37.2399878+01:00  [WRN] No store type was specified for the decimal property '"PrixUnitaireJour"' on entity type '"BillCalculationModel"'. This will cause values to be silently truncated if they do not fit in the default precision and scale. Explicitly specify the SQL server column type that can accommodate all the values in 'OnModelCreating' using 'HasColumnType', specify precision and scale using 'HasPrecision', or configure a value converter using 'HasConversion'. (fff75eb8)
2024-05-31T21:25:37.2415888+01:00  [WRN] No store type was specified for the decimal property '"PrixUnitaireNuit"' on entity type '"BillCalculationModel"'. This will cause values to be silently truncated if they do not fit in the default precision and scale. Explicitly specify the SQL server column type that can accommodate all the values in 'OnModelCreating' using 'HasColumnType', specify precision and scale using 'HasPrecision', or configure a value converter using 'HasConversion'. (fff75eb8)
2024-05-31T21:25:37.2433493+01:00  [WRN] No store type was specified for the decimal property '"PrixUnitairePointe"' on entity type '"BillCalculationModel"'. This will cause values to be silently truncated if they do not fit in the default precision and scale. Explicitly specify the SQL server column type that can accommodate all the values in 'OnModelCreating' using 'HasColumnType', specify precision and scale using 'HasPrecision', or configure a value converter using 'HasConversion'. (fff75eb8)
2024-05-31T21:25:37.2447192+01:00  [WRN] No store type was specified for the decimal property '"SurtaxeMunicipale"' on entity type '"BillCalculationModel"'. This will cause values to be silently truncated if they do not fit in the default precision and scale. Explicitly specify the SQL server column type that can accommodate all the values in 'OnModelCreating' using 'HasColumnType', specify precision and scale using 'HasPrecision', or configure a value converter using 'HasConversion'. (fff75eb8)
2024-05-31T21:25:37.2460222+01:00  [WRN] No store type was specified for the decimal property '"TvaConsommation"' on entity type '"BillCalculationModel"'. This will cause values to be silently truncated if they do not fit in the default precision and scale. Explicitly specify the SQL server column type that can accommodate all the values in 'OnModelCreating' using 'HasColumnType', specify precision and scale using 'HasPrecision', or configure a value converter using 'HasConversion'. (fff75eb8)
2024-05-31T21:25:37.2485638+01:00  [WRN] No store type was specified for the decimal property '"TvaRedevance"' on entity type '"BillCalculationModel"'. This will cause values to be silently truncated if they do not fit in the default precision and scale. Explicitly specify the SQL server column type that can accommodate all the values in 'OnModelCreating' using 'HasColumnType', specify precision and scale using 'HasPrecision', or configure a value converter using 'HasConversion'. (fff75eb8)
2024-05-31T21:25:39.3334946+01:00  [INF] Executed DbCommand ("47"ms) [Parameters=[""], CommandType='Text', CommandTimeout='30']"
""SELECT 1" (0723d8ff)
2024-05-31T21:25:39.3759843+01:00  [INF] Executed DbCommand ("26"ms) [Parameters=[""], CommandType='Text', CommandTimeout='30']"
""SELECT OBJECT_ID(N'[__EFMigrationsHistory]');" (0723d8ff)
2024-05-31T21:25:39.3880507+01:00  [INF] Executed DbCommand ("1"ms) [Parameters=[""], CommandType='Text', CommandTimeout='30']"
""SELECT 1" (0723d8ff)
2024-05-31T21:25:39.3904477+01:00  [INF] Executed DbCommand ("1"ms) [Parameters=[""], CommandType='Text', CommandTimeout='30']"
""SELECT OBJECT_ID(N'[__EFMigrationsHistory]');" (0723d8ff)
2024-05-31T21:25:39.4321356+01:00  [INF] Executed DbCommand ("14"ms) [Parameters=[""], CommandType='Text', CommandTimeout='30']"
""SELECT [MigrationId], [ProductVersion]
FROM [__EFMigrationsHistory]
ORDER BY [MigrationId];" (0723d8ff)
2024-05-31T21:25:39.4496365+01:00  [INF] Applying migration '"20240531182153_meg"'. (0e2ac64d)
2024-05-31T21:25:39.5483757+01:00  [ERR] Failed executing DbCommand ("18"ms) [Parameters=[""], CommandType='Text', CommandTimeout='30']"
""ALTER TABLE [AppCompteures] ADD [AncienIndexJour] int NOT NULL DEFAULT 0;" (627a98df)
2024-05-31T21:25:39.7779087+01:00  [FTL] An error occured whilst creating/seeding database (b6a8dd65)
Microsoft.Data.SqlClient.SqlException (0x80131904): Cannot find the object "AppCompteures" because it does not exist or you do not have permissions.
   at Microsoft.Data.SqlClient.SqlConnection.OnError(SqlException exception, Boolean breakConnection, Action`1 wrapCloseInAction)
   at Microsoft.Data.SqlClient.SqlInternalConnection.OnError(SqlException exception, Boolean breakConnection, Action`1 wrapCloseInAction)
   at Microsoft.Data.SqlClient.TdsParser.ThrowExceptionAndWarning(TdsParserStateObject stateObj, Boolean callerHasConnectionLock, Boolean asyncClose)
   at Microsoft.Data.SqlClient.TdsParser.TryRun(RunBehavior runBehavior, SqlCommand cmdHandler, SqlDataReader dataStream, BulkCopySimpleResultSet bulkCopyHandler, TdsParserStateObject stateObj, Boolean& dataReady)
   at Microsoft.Data.SqlClient.SqlCommand.InternalEndExecuteNonQuery(IAsyncResult asyncResult, Boolean isInternal, String endMethod)
   at Microsoft.Data.SqlClient.SqlCommand.EndExecuteNonQueryInternal(IAsyncResult asyncResult)
   at Microsoft.Data.SqlClient.SqlCommand.EndExecuteNonQueryAsync(IAsyncResult asyncResult)
   at Microsoft.Data.SqlClient.SqlCommand.<>c.<InternalExecuteNonQueryAsync>b__210_1(IAsyncResult result)
   at System.Threading.Tasks.TaskFactory`1.FromAsyncCoreLogic(IAsyncResult iar, Func`2 endFunction, Action`1 endAction, Task`1 promise, Boolean requiresSynchronization)
--- End of stack trace from previous location ---
   at Microsoft.EntityFrameworkCore.Storage.RelationalCommand.ExecuteNonQueryAsync(RelationalCommandParameterObject parameterObject, CancellationToken cancellationToken)
   at Microsoft.EntityFrameworkCore.Storage.RelationalCommand.ExecuteNonQueryAsync(RelationalCommandParameterObject parameterObject, CancellationToken cancellationToken)
   at Microsoft.EntityFrameworkCore.Storage.RelationalCommand.ExecuteNonQueryAsync(RelationalCommandParameterObject parameterObject, CancellationToken cancellationToken)
   at Microsoft.EntityFrameworkCore.Migrations.Internal.MigrationCommandExecutor.ExecuteNonQueryAsync(IEnumerable`1 migrationCommands, IRelationalConnection connection, CancellationToken cancellationToken)
   at Microsoft.EntityFrameworkCore.Migrations.Internal.MigrationCommandExecutor.ExecuteNonQueryAsync(IEnumerable`1 migrationCommands, IRelationalConnection connection, CancellationToken cancellationToken)
   at Microsoft.EntityFrameworkCore.Migrations.Internal.MigrationCommandExecutor.ExecuteNonQueryAsync(IEnumerable`1 migrationCommands, IRelationalConnection connection, CancellationToken cancellationToken)
   at Microsoft.EntityFrameworkCore.Migrations.Internal.MigrationCommandExecutor.ExecuteNonQueryAsync(IEnumerable`1 migrationCommands, IRelationalConnection connection, CancellationToken cancellationToken)
   at Microsoft.EntityFrameworkCore.Migrations.Internal.Migrator.MigrateAsync(String targetMigration, CancellationToken cancellationToken)
   at QuickApp.Core.Infrastructure.DatabaseSeeder.SeedAsync() in C:\Users\tayss\OneDrive\Desktop\EnerManage\QuickApp-master\QuickApp.Core\Infrastructure\DatabaseSeeder.cs:line 21
   at Program.<Main>$(String[] args) in C:\Users\tayss\OneDrive\Desktop\EnerManage\QuickApp-master\QuickApp.Server\Program.cs:line 262
ClientConnectionId:a8f3ac31-f3a4-4c2e-93ce-c2db32f3e471
Error Number:4902,State:1,Class:16
