2024-06-01T10:43:54.7790957+01:00  [WRN] The WebRootPath was not found: "C:\Users\tayss\OneDrive\Desktop\EnerManage\QuickApp-master\QuickApp.Server\wwwroot". Static files may be unavailable. (3ae2c740)
2024-06-01T10:43:56.4110065+01:00  [WRN] No store type was specified for the decimal property '"Bonification"' on entity type '"BillCalculationModel"'. This will cause values to be silently truncated if they do not fit in the default precision and scale. Explicitly specify the SQL server column type that can accommodate all the values in 'OnModelCreating' using 'HasColumnType', specify precision and scale using 'HasPrecision', or configure a value converter using 'HasConversion'. (fff75eb8)
2024-06-01T10:43:56.4149743+01:00  [WRN] No store type was specified for the decimal property '"ContributionGMG"' on entity type '"BillCalculationModel"'. This will cause values to be silently truncated if they do not fit in the default precision and scale. Explicitly specify the SQL server column type that can accommodate all the values in 'OnModelCreating' using 'HasColumnType', specify precision and scale using 'HasPrecision', or configure a value converter using 'HasConversion'. (fff75eb8)
2024-06-01T10:43:56.4171921+01:00  [WRN] No store type was specified for the decimal property '"ContributionRTT"' on entity type '"BillCalculationModel"'. This will cause values to be silently truncated if they do not fit in the default precision and scale. Explicitly specify the SQL server column type that can accommodate all the values in 'OnModelCreating' using 'HasColumnType', specify precision and scale using 'HasPrecision', or configure a value converter using 'HasConversion'. (fff75eb8)
2024-06-01T10:43:56.4192135+01:00  [WRN] No store type was specified for the decimal property '"FraisIntervention"' on entity type '"BillCalculationModel"'. This will cause values to be silently truncated if they do not fit in the default precision and scale. Explicitly specify the SQL server column type that can accommodate all the values in 'OnModelCreating' using 'HasColumnType', specify precision and scale using 'HasPrecision', or configure a value converter using 'HasConversion'. (fff75eb8)
2024-06-01T10:43:56.4213630+01:00  [WRN] No store type was specified for the decimal property '"FraisRelance"' on entity type '"BillCalculationModel"'. This will cause values to be silently truncated if they do not fit in the default precision and scale. Explicitly specify the SQL server column type that can accommodate all the values in 'OnModelCreating' using 'HasColumnType', specify precision and scale using 'HasPrecision', or configure a value converter using 'HasConversion'. (fff75eb8)
2024-06-01T10:43:56.4248387+01:00  [WRN] No store type was specified for the decimal property '"FraisRetard"' on entity type '"BillCalculationModel"'. This will cause values to be silently truncated if they do not fit in the default precision and scale. Explicitly specify the SQL server column type that can accommodate all the values in 'OnModelCreating' using 'HasColumnType', specify precision and scale using 'HasPrecision', or configure a value converter using 'HasConversion'. (fff75eb8)
2024-06-01T10:43:56.4347019+01:00  [WRN] No store type was specified for the decimal property '"LocationMateriel"' on entity type '"BillCalculationModel"'. This will cause values to be silently truncated if they do not fit in the default precision and scale. Explicitly specify the SQL server column type that can accommodate all the values in 'OnModelCreating' using 'HasColumnType', specify precision and scale using 'HasPrecision', or configure a value converter using 'HasConversion'. (fff75eb8)
2024-06-01T10:43:56.4376881+01:00  [WRN] No store type was specified for the decimal property '"Penalite"' on entity type '"BillCalculationModel"'. This will cause values to be silently truncated if they do not fit in the default precision and scale. Explicitly specify the SQL server column type that can accommodate all the values in 'OnModelCreating' using 'HasColumnType', specify precision and scale using 'HasPrecision', or configure a value converter using 'HasConversion'. (fff75eb8)
2024-06-01T10:43:56.4400525+01:00  [WRN] No store type was specified for the decimal property '"PrimePuissance"' on entity type '"BillCalculationModel"'. This will cause values to be silently truncated if they do not fit in the default precision and scale. Explicitly specify the SQL server column type that can accommodate all the values in 'OnModelCreating' using 'HasColumnType', specify precision and scale using 'HasPrecision', or configure a value converter using 'HasConversion'. (fff75eb8)
2024-06-01T10:43:56.4458055+01:00  [WRN] No store type was specified for the decimal property '"PrixUnitaireJour"' on entity type '"BillCalculationModel"'. This will cause values to be silently truncated if they do not fit in the default precision and scale. Explicitly specify the SQL server column type that can accommodate all the values in 'OnModelCreating' using 'HasColumnType', specify precision and scale using 'HasPrecision', or configure a value converter using 'HasConversion'. (fff75eb8)
2024-06-01T10:43:56.4499900+01:00  [WRN] No store type was specified for the decimal property '"PrixUnitaireNuit"' on entity type '"BillCalculationModel"'. This will cause values to be silently truncated if they do not fit in the default precision and scale. Explicitly specify the SQL server column type that can accommodate all the values in 'OnModelCreating' using 'HasColumnType', specify precision and scale using 'HasPrecision', or configure a value converter using 'HasConversion'. (fff75eb8)
2024-06-01T10:43:56.4528251+01:00  [WRN] No store type was specified for the decimal property '"PrixUnitairePointe"' on entity type '"BillCalculationModel"'. This will cause values to be silently truncated if they do not fit in the default precision and scale. Explicitly specify the SQL server column type that can accommodate all the values in 'OnModelCreating' using 'HasColumnType', specify precision and scale using 'HasPrecision', or configure a value converter using 'HasConversion'. (fff75eb8)
2024-06-01T10:43:56.4555127+01:00  [WRN] No store type was specified for the decimal property '"SurtaxeMunicipale"' on entity type '"BillCalculationModel"'. This will cause values to be silently truncated if they do not fit in the default precision and scale. Explicitly specify the SQL server column type that can accommodate all the values in 'OnModelCreating' using 'HasColumnType', specify precision and scale using 'HasPrecision', or configure a value converter using 'HasConversion'. (fff75eb8)
2024-06-01T10:43:56.4584917+01:00  [WRN] No store type was specified for the decimal property '"TvaConsommation"' on entity type '"BillCalculationModel"'. This will cause values to be silently truncated if they do not fit in the default precision and scale. Explicitly specify the SQL server column type that can accommodate all the values in 'OnModelCreating' using 'HasColumnType', specify precision and scale using 'HasPrecision', or configure a value converter using 'HasConversion'. (fff75eb8)
2024-06-01T10:43:56.4632711+01:00  [WRN] No store type was specified for the decimal property '"TvaRedevance"' on entity type '"BillCalculationModel"'. This will cause values to be silently truncated if they do not fit in the default precision and scale. Explicitly specify the SQL server column type that can accommodate all the values in 'OnModelCreating' using 'HasColumnType', specify precision and scale using 'HasPrecision', or configure a value converter using 'HasConversion'. (fff75eb8)
2024-06-01T10:44:01.3977904+01:00  [INF] Executed DbCommand ("99"ms) [Parameters=[""], CommandType='Text', CommandTimeout='30']"
""SELECT 1" (0723d8ff)
2024-06-01T10:44:01.5550870+01:00  [INF] Executed DbCommand ("118"ms) [Parameters=[""], CommandType='Text', CommandTimeout='30']"
""SELECT OBJECT_ID(N'[__EFMigrationsHistory]');" (0723d8ff)
2024-06-01T10:44:01.5861209+01:00  [INF] Executed DbCommand ("3"ms) [Parameters=[""], CommandType='Text', CommandTimeout='30']"
""SELECT 1" (0723d8ff)
2024-06-01T10:44:01.6057903+01:00  [INF] Executed DbCommand ("2"ms) [Parameters=[""], CommandType='Text', CommandTimeout='30']"
""SELECT OBJECT_ID(N'[__EFMigrationsHistory]');" (0723d8ff)
2024-06-01T10:44:01.7597091+01:00  [INF] Executed DbCommand ("65"ms) [Parameters=[""], CommandType='Text', CommandTimeout='30']"
""SELECT [MigrationId], [ProductVersion]
FROM [__EFMigrationsHistory]
ORDER BY [MigrationId];" (0723d8ff)
2024-06-01T10:44:01.8099399+01:00  [INF] Applying migration '"20240531182153_meg"'. (0e2ac64d)
2024-06-01T10:44:02.2040903+01:00  [ERR] Failed executing DbCommand ("45"ms) [Parameters=[""], CommandType='Text', CommandTimeout='30']"
""ALTER TABLE [AppCompteures] ADD [AncienIndexJour] int NOT NULL DEFAULT 0;" (627a98df)
2024-06-01T10:44:02.5175432+01:00  [FTL] An error occured whilst creating/seeding database (b6a8dd65)
Microsoft.Data.SqlClient.SqlException (0x80131904): Cannot find the object "AppCompteures" because it does not exist or you do not have permissions.
   at Microsoft.Data.SqlClient.SqlConnection.OnError(SqlException exception, Boolean breakConnection, Action`1 wrapCloseInAction)
   at Microsoft.Data.SqlClient.SqlInternalConnection.OnError(SqlException exception, Boolean breakConnection, Action`1 wrapCloseInAction)
   at Microsoft.Data.SqlClient.TdsParser.ThrowExceptionAndWarning(TdsParserStateObject stateObj, Boolean callerHasConnectionLock, Boolean asyncClose)
   at Microsoft.Data.SqlClient.TdsParser.TryRun(RunBehavior runBehavior, SqlCommand cmdHandler, SqlDataReader dataStream, BulkCopySimpleResultSet bulkCopyHandler, TdsParserStateObject stateObj, Boolean& dataReady)
   at Microsoft.Data.SqlClient.SqlCommand.InternalEndExecuteNonQuery(IAsyncResult asyncResult, Boolean isInternal, String endMethod)
   at Microsoft.Data.SqlClient.SqlCommand.EndExecuteNonQueryInternal(IAsyncResult asyncResult)
   at Microsoft.Data.SqlClient.SqlCommand.EndExecuteNonQueryAsync(IAsyncResult asyncResult)
   at Microsoft.Data.SqlClient.SqlCommand.<>c.<InternalExecuteNonQueryAsync>b__210_1(IAsyncResult result)
   at System.Threading.Tasks.TaskFactory`1.FromAsyncCoreLogic(IAsyncResult iar, Func`2 endFunction, Action`1 endAction, Task`1 promise, Boolean requiresSynchronization)
--- End of stack trace from previous location ---
   at Microsoft.EntityFrameworkCore.Storage.RelationalCommand.ExecuteNonQueryAsync(RelationalCommandParameterObject parameterObject, CancellationToken cancellationToken)
   at Microsoft.EntityFrameworkCore.Storage.RelationalCommand.ExecuteNonQueryAsync(RelationalCommandParameterObject parameterObject, CancellationToken cancellationToken)
   at Microsoft.EntityFrameworkCore.Storage.RelationalCommand.ExecuteNonQueryAsync(RelationalCommandParameterObject parameterObject, CancellationToken cancellationToken)
   at Microsoft.EntityFrameworkCore.Migrations.Internal.MigrationCommandExecutor.ExecuteNonQueryAsync(IEnumerable`1 migrationCommands, IRelationalConnection connection, CancellationToken cancellationToken)
   at Microsoft.EntityFrameworkCore.Migrations.Internal.MigrationCommandExecutor.ExecuteNonQueryAsync(IEnumerable`1 migrationCommands, IRelationalConnection connection, CancellationToken cancellationToken)
   at Microsoft.EntityFrameworkCore.Migrations.Internal.MigrationCommandExecutor.ExecuteNonQueryAsync(IEnumerable`1 migrationCommands, IRelationalConnection connection, CancellationToken cancellationToken)
   at Microsoft.EntityFrameworkCore.Migrations.Internal.MigrationCommandExecutor.ExecuteNonQueryAsync(IEnumerable`1 migrationCommands, IRelationalConnection connection, CancellationToken cancellationToken)
   at Microsoft.EntityFrameworkCore.Migrations.Internal.Migrator.MigrateAsync(String targetMigration, CancellationToken cancellationToken)
   at QuickApp.Core.Infrastructure.DatabaseSeeder.SeedAsync() in C:\Users\tayss\OneDrive\Desktop\EnerManage\QuickApp-master\QuickApp.Core\Infrastructure\DatabaseSeeder.cs:line 21
   at Program.<Main>$(String[] args) in C:\Users\tayss\OneDrive\Desktop\EnerManage\QuickApp-master\QuickApp.Server\Program.cs:line 262
ClientConnectionId:4cd09e65-d873-4559-b5a6-8aba871c6142
Error Number:4902,State:1,Class:16
2024-06-01T11:48:32.3621490+01:00  [WRN] The WebRootPath was not found: "C:\Users\tayss\OneDrive\Desktop\EnerManage\QuickApp-master\QuickApp.Server\wwwroot". Static files may be unavailable. (3ae2c740)
2024-06-01T11:48:34.5530687+01:00  [WRN] No store type was specified for the decimal property '"Bonification"' on entity type '"BillCalculationModel"'. This will cause values to be silently truncated if they do not fit in the default precision and scale. Explicitly specify the SQL server column type that can accommodate all the values in 'OnModelCreating' using 'HasColumnType', specify precision and scale using 'HasPrecision', or configure a value converter using 'HasConversion'. (fff75eb8)
2024-06-01T11:48:34.5586089+01:00  [WRN] No store type was specified for the decimal property '"ContributionGMG"' on entity type '"BillCalculationModel"'. This will cause values to be silently truncated if they do not fit in the default precision and scale. Explicitly specify the SQL server column type that can accommodate all the values in 'OnModelCreating' using 'HasColumnType', specify precision and scale using 'HasPrecision', or configure a value converter using 'HasConversion'. (fff75eb8)
2024-06-01T11:48:34.5614707+01:00  [WRN] No store type was specified for the decimal property '"ContributionRTT"' on entity type '"BillCalculationModel"'. This will cause values to be silently truncated if they do not fit in the default precision and scale. Explicitly specify the SQL server column type that can accommodate all the values in 'OnModelCreating' using 'HasColumnType', specify precision and scale using 'HasPrecision', or configure a value converter using 'HasConversion'. (fff75eb8)
2024-06-01T11:48:34.5640749+01:00  [WRN] No store type was specified for the decimal property '"FraisIntervention"' on entity type '"BillCalculationModel"'. This will cause values to be silently truncated if they do not fit in the default precision and scale. Explicitly specify the SQL server column type that can accommodate all the values in 'OnModelCreating' using 'HasColumnType', specify precision and scale using 'HasPrecision', or configure a value converter using 'HasConversion'. (fff75eb8)
2024-06-01T11:48:34.5667844+01:00  [WRN] No store type was specified for the decimal property '"FraisRelance"' on entity type '"BillCalculationModel"'. This will cause values to be silently truncated if they do not fit in the default precision and scale. Explicitly specify the SQL server column type that can accommodate all the values in 'OnModelCreating' using 'HasColumnType', specify precision and scale using 'HasPrecision', or configure a value converter using 'HasConversion'. (fff75eb8)
2024-06-01T11:48:34.5701617+01:00  [WRN] No store type was specified for the decimal property '"FraisRetard"' on entity type '"BillCalculationModel"'. This will cause values to be silently truncated if they do not fit in the default precision and scale. Explicitly specify the SQL server column type that can accommodate all the values in 'OnModelCreating' using 'HasColumnType', specify precision and scale using 'HasPrecision', or configure a value converter using 'HasConversion'. (fff75eb8)
2024-06-01T11:48:34.5726504+01:00  [WRN] No store type was specified for the decimal property '"LocationMateriel"' on entity type '"BillCalculationModel"'. This will cause values to be silently truncated if they do not fit in the default precision and scale. Explicitly specify the SQL server column type that can accommodate all the values in 'OnModelCreating' using 'HasColumnType', specify precision and scale using 'HasPrecision', or configure a value converter using 'HasConversion'. (fff75eb8)
2024-06-01T11:48:34.5754646+01:00  [WRN] No store type was specified for the decimal property '"Penalite"' on entity type '"BillCalculationModel"'. This will cause values to be silently truncated if they do not fit in the default precision and scale. Explicitly specify the SQL server column type that can accommodate all the values in 'OnModelCreating' using 'HasColumnType', specify precision and scale using 'HasPrecision', or configure a value converter using 'HasConversion'. (fff75eb8)
2024-06-01T11:48:34.5781594+01:00  [WRN] No store type was specified for the decimal property '"PrimePuissance"' on entity type '"BillCalculationModel"'. This will cause values to be silently truncated if they do not fit in the default precision and scale. Explicitly specify the SQL server column type that can accommodate all the values in 'OnModelCreating' using 'HasColumnType', specify precision and scale using 'HasPrecision', or configure a value converter using 'HasConversion'. (fff75eb8)
2024-06-01T11:48:34.5817582+01:00  [WRN] No store type was specified for the decimal property '"PrixUnitaireJour"' on entity type '"BillCalculationModel"'. This will cause values to be silently truncated if they do not fit in the default precision and scale. Explicitly specify the SQL server column type that can accommodate all the values in 'OnModelCreating' using 'HasColumnType', specify precision and scale using 'HasPrecision', or configure a value converter using 'HasConversion'. (fff75eb8)
2024-06-01T11:48:34.5857955+01:00  [WRN] No store type was specified for the decimal property '"PrixUnitaireNuit"' on entity type '"BillCalculationModel"'. This will cause values to be silently truncated if they do not fit in the default precision and scale. Explicitly specify the SQL server column type that can accommodate all the values in 'OnModelCreating' using 'HasColumnType', specify precision and scale using 'HasPrecision', or configure a value converter using 'HasConversion'. (fff75eb8)
2024-06-01T11:48:34.5891222+01:00  [WRN] No store type was specified for the decimal property '"PrixUnitairePointe"' on entity type '"BillCalculationModel"'. This will cause values to be silently truncated if they do not fit in the default precision and scale. Explicitly specify the SQL server column type that can accommodate all the values in 'OnModelCreating' using 'HasColumnType', specify precision and scale using 'HasPrecision', or configure a value converter using 'HasConversion'. (fff75eb8)
2024-06-01T11:48:34.5916990+01:00  [WRN] No store type was specified for the decimal property '"SurtaxeMunicipale"' on entity type '"BillCalculationModel"'. This will cause values to be silently truncated if they do not fit in the default precision and scale. Explicitly specify the SQL server column type that can accommodate all the values in 'OnModelCreating' using 'HasColumnType', specify precision and scale using 'HasPrecision', or configure a value converter using 'HasConversion'. (fff75eb8)
2024-06-01T11:48:34.5944603+01:00  [WRN] No store type was specified for the decimal property '"TvaConsommation"' on entity type '"BillCalculationModel"'. This will cause values to be silently truncated if they do not fit in the default precision and scale. Explicitly specify the SQL server column type that can accommodate all the values in 'OnModelCreating' using 'HasColumnType', specify precision and scale using 'HasPrecision', or configure a value converter using 'HasConversion'. (fff75eb8)
2024-06-01T11:48:34.5972464+01:00  [WRN] No store type was specified for the decimal property '"TvaRedevance"' on entity type '"BillCalculationModel"'. This will cause values to be silently truncated if they do not fit in the default precision and scale. Explicitly specify the SQL server column type that can accommodate all the values in 'OnModelCreating' using 'HasColumnType', specify precision and scale using 'HasPrecision', or configure a value converter using 'HasConversion'. (fff75eb8)
2024-06-01T11:48:36.3322195+01:00  [INF] Executed DbCommand ("86"ms) [Parameters=[""], CommandType='Text', CommandTimeout='30']"
""SELECT 1" (0723d8ff)
2024-06-01T11:48:36.4514852+01:00  [INF] Executed DbCommand ("70"ms) [Parameters=[""], CommandType='Text', CommandTimeout='30']"
""SELECT OBJECT_ID(N'[__EFMigrationsHistory]');" (0723d8ff)
2024-06-01T11:48:36.4644635+01:00  [INF] Executed DbCommand ("1"ms) [Parameters=[""], CommandType='Text', CommandTimeout='30']"
""SELECT 1" (0723d8ff)
2024-06-01T11:48:36.4722080+01:00  [INF] Executed DbCommand ("2"ms) [Parameters=[""], CommandType='Text', CommandTimeout='30']"
""SELECT OBJECT_ID(N'[__EFMigrationsHistory]');" (0723d8ff)
2024-06-01T11:48:36.5241746+01:00  [INF] Executed DbCommand ("14"ms) [Parameters=[""], CommandType='Text', CommandTimeout='30']"
""SELECT [MigrationId], [ProductVersion]
FROM [__EFMigrationsHistory]
ORDER BY [MigrationId];" (0723d8ff)
2024-06-01T11:48:36.5796393+01:00  [INF] Applying migration '"20240531182153_meg"'. (0e2ac64d)
2024-06-01T11:48:36.8917830+01:00  [ERR] Failed executing DbCommand ("38"ms) [Parameters=[""], CommandType='Text', CommandTimeout='30']"
""ALTER TABLE [AppCompteures] ADD [AncienIndexJour] int NOT NULL DEFAULT 0;" (627a98df)
2024-06-01T12:03:56.9419629+01:00  [WRN] The WebRootPath was not found: "C:\Users\tayss\OneDrive\Desktop\EnerManage\QuickApp-master\QuickApp.Server\wwwroot". Static files may be unavailable. (3ae2c740)
2024-06-01T12:03:59.8735632+01:00  [WRN] No store type was specified for the decimal property '"Bonification"' on entity type '"BillCalculationModel"'. This will cause values to be silently truncated if they do not fit in the default precision and scale. Explicitly specify the SQL server column type that can accommodate all the values in 'OnModelCreating' using 'HasColumnType', specify precision and scale using 'HasPrecision', or configure a value converter using 'HasConversion'. (fff75eb8)
2024-06-01T12:03:59.8805336+01:00  [WRN] No store type was specified for the decimal property '"ContributionGMG"' on entity type '"BillCalculationModel"'. This will cause values to be silently truncated if they do not fit in the default precision and scale. Explicitly specify the SQL server column type that can accommodate all the values in 'OnModelCreating' using 'HasColumnType', specify precision and scale using 'HasPrecision', or configure a value converter using 'HasConversion'. (fff75eb8)
2024-06-01T12:03:59.8839680+01:00  [WRN] No store type was specified for the decimal property '"ContributionRTT"' on entity type '"BillCalculationModel"'. This will cause values to be silently truncated if they do not fit in the default precision and scale. Explicitly specify the SQL server column type that can accommodate all the values in 'OnModelCreating' using 'HasColumnType', specify precision and scale using 'HasPrecision', or configure a value converter using 'HasConversion'. (fff75eb8)
2024-06-01T12:03:59.8866643+01:00  [WRN] No store type was specified for the decimal property '"FraisIntervention"' on entity type '"BillCalculationModel"'. This will cause values to be silently truncated if they do not fit in the default precision and scale. Explicitly specify the SQL server column type that can accommodate all the values in 'OnModelCreating' using 'HasColumnType', specify precision and scale using 'HasPrecision', or configure a value converter using 'HasConversion'. (fff75eb8)
2024-06-01T12:03:59.8926792+01:00  [WRN] No store type was specified for the decimal property '"FraisRelance"' on entity type '"BillCalculationModel"'. This will cause values to be silently truncated if they do not fit in the default precision and scale. Explicitly specify the SQL server column type that can accommodate all the values in 'OnModelCreating' using 'HasColumnType', specify precision and scale using 'HasPrecision', or configure a value converter using 'HasConversion'. (fff75eb8)
2024-06-01T12:03:59.8956408+01:00  [WRN] No store type was specified for the decimal property '"FraisRetard"' on entity type '"BillCalculationModel"'. This will cause values to be silently truncated if they do not fit in the default precision and scale. Explicitly specify the SQL server column type that can accommodate all the values in 'OnModelCreating' using 'HasColumnType', specify precision and scale using 'HasPrecision', or configure a value converter using 'HasConversion'. (fff75eb8)
2024-06-01T12:03:59.8985110+01:00  [WRN] No store type was specified for the decimal property '"LocationMateriel"' on entity type '"BillCalculationModel"'. This will cause values to be silently truncated if they do not fit in the default precision and scale. Explicitly specify the SQL server column type that can accommodate all the values in 'OnModelCreating' using 'HasColumnType', specify precision and scale using 'HasPrecision', or configure a value converter using 'HasConversion'. (fff75eb8)
2024-06-01T12:03:59.9013169+01:00  [WRN] No store type was specified for the decimal property '"Penalite"' on entity type '"BillCalculationModel"'. This will cause values to be silently truncated if they do not fit in the default precision and scale. Explicitly specify the SQL server column type that can accommodate all the values in 'OnModelCreating' using 'HasColumnType', specify precision and scale using 'HasPrecision', or configure a value converter using 'HasConversion'. (fff75eb8)
2024-06-01T12:03:59.9052819+01:00  [WRN] No store type was specified for the decimal property '"PrimePuissance"' on entity type '"BillCalculationModel"'. This will cause values to be silently truncated if they do not fit in the default precision and scale. Explicitly specify the SQL server column type that can accommodate all the values in 'OnModelCreating' using 'HasColumnType', specify precision and scale using 'HasPrecision', or configure a value converter using 'HasConversion'. (fff75eb8)
2024-06-01T12:03:59.9102205+01:00  [WRN] No store type was specified for the decimal property '"PrixUnitaireJour"' on entity type '"BillCalculationModel"'. This will cause values to be silently truncated if they do not fit in the default precision and scale. Explicitly specify the SQL server column type that can accommodate all the values in 'OnModelCreating' using 'HasColumnType', specify precision and scale using 'HasPrecision', or configure a value converter using 'HasConversion'. (fff75eb8)
2024-06-01T12:03:59.9127692+01:00  [WRN] No store type was specified for the decimal property '"PrixUnitaireNuit"' on entity type '"BillCalculationModel"'. This will cause values to be silently truncated if they do not fit in the default precision and scale. Explicitly specify the SQL server column type that can accommodate all the values in 'OnModelCreating' using 'HasColumnType', specify precision and scale using 'HasPrecision', or configure a value converter using 'HasConversion'. (fff75eb8)
2024-06-01T12:03:59.9157328+01:00  [WRN] No store type was specified for the decimal property '"PrixUnitairePointe"' on entity type '"BillCalculationModel"'. This will cause values to be silently truncated if they do not fit in the default precision and scale. Explicitly specify the SQL server column type that can accommodate all the values in 'OnModelCreating' using 'HasColumnType', specify precision and scale using 'HasPrecision', or configure a value converter using 'HasConversion'. (fff75eb8)
2024-06-01T12:03:59.9182218+01:00  [WRN] No store type was specified for the decimal property '"SurtaxeMunicipale"' on entity type '"BillCalculationModel"'. This will cause values to be silently truncated if they do not fit in the default precision and scale. Explicitly specify the SQL server column type that can accommodate all the values in 'OnModelCreating' using 'HasColumnType', specify precision and scale using 'HasPrecision', or configure a value converter using 'HasConversion'. (fff75eb8)
2024-06-01T12:03:59.9211463+01:00  [WRN] No store type was specified for the decimal property '"TvaConsommation"' on entity type '"BillCalculationModel"'. This will cause values to be silently truncated if they do not fit in the default precision and scale. Explicitly specify the SQL server column type that can accommodate all the values in 'OnModelCreating' using 'HasColumnType', specify precision and scale using 'HasPrecision', or configure a value converter using 'HasConversion'. (fff75eb8)
2024-06-01T12:03:59.9254004+01:00  [WRN] No store type was specified for the decimal property '"TvaRedevance"' on entity type '"BillCalculationModel"'. This will cause values to be silently truncated if they do not fit in the default precision and scale. Explicitly specify the SQL server column type that can accommodate all the values in 'OnModelCreating' using 'HasColumnType', specify precision and scale using 'HasPrecision', or configure a value converter using 'HasConversion'. (fff75eb8)
2024-06-01T12:04:01.6803256+01:00  [INF] Executed DbCommand ("94"ms) [Parameters=[""], CommandType='Text', CommandTimeout='30']"
""SELECT 1" (0723d8ff)
2024-06-01T12:04:01.7990170+01:00  [INF] Executed DbCommand ("78"ms) [Parameters=[""], CommandType='Text', CommandTimeout='30']"
""SELECT OBJECT_ID(N'[__EFMigrationsHistory]');" (0723d8ff)
2024-06-01T12:04:01.8137309+01:00  [INF] Executed DbCommand ("2"ms) [Parameters=[""], CommandType='Text', CommandTimeout='30']"
""SELECT 1" (0723d8ff)
2024-06-01T12:04:01.8215359+01:00  [INF] Executed DbCommand ("2"ms) [Parameters=[""], CommandType='Text', CommandTimeout='30']"
""SELECT OBJECT_ID(N'[__EFMigrationsHistory]');" (0723d8ff)
2024-06-01T12:04:01.8981588+01:00  [INF] Executed DbCommand ("31"ms) [Parameters=[""], CommandType='Text', CommandTimeout='30']"
""SELECT [MigrationId], [ProductVersion]
FROM [__EFMigrationsHistory]
ORDER BY [MigrationId];" (0723d8ff)
2024-06-01T12:04:01.9534427+01:00  [INF] Applying migration '"20240531182153_meg"'. (0e2ac64d)
2024-06-01T12:04:02.2035484+01:00  [ERR] Failed executing DbCommand ("32"ms) [Parameters=[""], CommandType='Text', CommandTimeout='30']"
""ALTER TABLE [AppCompteures] ADD [AncienIndexJour] int NOT NULL DEFAULT 0;" (627a98df)
2024-06-01T12:04:03.3530681+01:00  [FTL] An error occured whilst creating/seeding database (b6a8dd65)
Microsoft.Data.SqlClient.SqlException (0x80131904): Cannot find the object "AppCompteures" because it does not exist or you do not have permissions.
   at Microsoft.Data.SqlClient.SqlConnection.OnError(SqlException exception, Boolean breakConnection, Action`1 wrapCloseInAction)
   at Microsoft.Data.SqlClient.SqlInternalConnection.OnError(SqlException exception, Boolean breakConnection, Action`1 wrapCloseInAction)
   at Microsoft.Data.SqlClient.TdsParser.ThrowExceptionAndWarning(TdsParserStateObject stateObj, Boolean callerHasConnectionLock, Boolean asyncClose)
   at Microsoft.Data.SqlClient.TdsParser.TryRun(RunBehavior runBehavior, SqlCommand cmdHandler, SqlDataReader dataStream, BulkCopySimpleResultSet bulkCopyHandler, TdsParserStateObject stateObj, Boolean& dataReady)
   at Microsoft.Data.SqlClient.SqlCommand.InternalEndExecuteNonQuery(IAsyncResult asyncResult, Boolean isInternal, String endMethod)
   at Microsoft.Data.SqlClient.SqlCommand.EndExecuteNonQueryInternal(IAsyncResult asyncResult)
   at Microsoft.Data.SqlClient.SqlCommand.EndExecuteNonQueryAsync(IAsyncResult asyncResult)
   at Microsoft.Data.SqlClient.SqlCommand.<>c.<InternalExecuteNonQueryAsync>b__210_1(IAsyncResult result)
   at System.Threading.Tasks.TaskFactory`1.FromAsyncCoreLogic(IAsyncResult iar, Func`2 endFunction, Action`1 endAction, Task`1 promise, Boolean requiresSynchronization)
--- End of stack trace from previous location ---
   at Microsoft.EntityFrameworkCore.Storage.RelationalCommand.ExecuteNonQueryAsync(RelationalCommandParameterObject parameterObject, CancellationToken cancellationToken)
   at Microsoft.EntityFrameworkCore.Storage.RelationalCommand.ExecuteNonQueryAsync(RelationalCommandParameterObject parameterObject, CancellationToken cancellationToken)
   at Microsoft.EntityFrameworkCore.Storage.RelationalCommand.ExecuteNonQueryAsync(RelationalCommandParameterObject parameterObject, CancellationToken cancellationToken)
   at Microsoft.EntityFrameworkCore.Migrations.Internal.MigrationCommandExecutor.ExecuteNonQueryAsync(IEnumerable`1 migrationCommands, IRelationalConnection connection, CancellationToken cancellationToken)
   at Microsoft.EntityFrameworkCore.Migrations.Internal.MigrationCommandExecutor.ExecuteNonQueryAsync(IEnumerable`1 migrationCommands, IRelationalConnection connection, CancellationToken cancellationToken)
   at Microsoft.EntityFrameworkCore.Migrations.Internal.MigrationCommandExecutor.ExecuteNonQueryAsync(IEnumerable`1 migrationCommands, IRelationalConnection connection, CancellationToken cancellationToken)
   at Microsoft.EntityFrameworkCore.Migrations.Internal.MigrationCommandExecutor.ExecuteNonQueryAsync(IEnumerable`1 migrationCommands, IRelationalConnection connection, CancellationToken cancellationToken)
   at Microsoft.EntityFrameworkCore.Migrations.Internal.Migrator.MigrateAsync(String targetMigration, CancellationToken cancellationToken)
   at QuickApp.Core.Infrastructure.DatabaseSeeder.SeedAsync() in C:\Users\tayss\OneDrive\Desktop\EnerManage\QuickApp-master\QuickApp.Core\Infrastructure\DatabaseSeeder.cs:line 29
   at Program.<Main>$(String[] args) in C:\Users\tayss\OneDrive\Desktop\EnerManage\QuickApp-master\QuickApp.Server\Program.cs:line 262
ClientConnectionId:f2f3f714-eb1f-43cf-89ef-f55a80ea9730
Error Number:4902,State:1,Class:16
2024-06-01T12:07:20.8514034+01:00  [WRN] The WebRootPath was not found: "C:\Users\tayss\OneDrive\Desktop\EnerManage\QuickApp-master\QuickApp.Server\wwwroot". Static files may be unavailable. (3ae2c740)
2024-06-01T12:07:23.1154384+01:00  [WRN] No store type was specified for the decimal property '"Bonification"' on entity type '"BillCalculationModel"'. This will cause values to be silently truncated if they do not fit in the default precision and scale. Explicitly specify the SQL server column type that can accommodate all the values in 'OnModelCreating' using 'HasColumnType', specify precision and scale using 'HasPrecision', or configure a value converter using 'HasConversion'. (fff75eb8)
2024-06-01T12:07:23.1210755+01:00  [WRN] No store type was specified for the decimal property '"ContributionGMG"' on entity type '"BillCalculationModel"'. This will cause values to be silently truncated if they do not fit in the default precision and scale. Explicitly specify the SQL server column type that can accommodate all the values in 'OnModelCreating' using 'HasColumnType', specify precision and scale using 'HasPrecision', or configure a value converter using 'HasConversion'. (fff75eb8)
2024-06-01T12:07:23.1248480+01:00  [WRN] No store type was specified for the decimal property '"ContributionRTT"' on entity type '"BillCalculationModel"'. This will cause values to be silently truncated if they do not fit in the default precision and scale. Explicitly specify the SQL server column type that can accommodate all the values in 'OnModelCreating' using 'HasColumnType', specify precision and scale using 'HasPrecision', or configure a value converter using 'HasConversion'. (fff75eb8)
2024-06-01T12:07:23.1283502+01:00  [WRN] No store type was specified for the decimal property '"FraisIntervention"' on entity type '"BillCalculationModel"'. This will cause values to be silently truncated if they do not fit in the default precision and scale. Explicitly specify the SQL server column type that can accommodate all the values in 'OnModelCreating' using 'HasColumnType', specify precision and scale using 'HasPrecision', or configure a value converter using 'HasConversion'. (fff75eb8)
2024-06-01T12:07:23.1315181+01:00  [WRN] No store type was specified for the decimal property '"FraisRelance"' on entity type '"BillCalculationModel"'. This will cause values to be silently truncated if they do not fit in the default precision and scale. Explicitly specify the SQL server column type that can accommodate all the values in 'OnModelCreating' using 'HasColumnType', specify precision and scale using 'HasPrecision', or configure a value converter using 'HasConversion'. (fff75eb8)
2024-06-01T12:07:23.1341495+01:00  [WRN] No store type was specified for the decimal property '"FraisRetard"' on entity type '"BillCalculationModel"'. This will cause values to be silently truncated if they do not fit in the default precision and scale. Explicitly specify the SQL server column type that can accommodate all the values in 'OnModelCreating' using 'HasColumnType', specify precision and scale using 'HasPrecision', or configure a value converter using 'HasConversion'. (fff75eb8)
2024-06-01T12:07:23.1380659+01:00  [WRN] No store type was specified for the decimal property '"LocationMateriel"' on entity type '"BillCalculationModel"'. This will cause values to be silently truncated if they do not fit in the default precision and scale. Explicitly specify the SQL server column type that can accommodate all the values in 'OnModelCreating' using 'HasColumnType', specify precision and scale using 'HasPrecision', or configure a value converter using 'HasConversion'. (fff75eb8)
2024-06-01T12:07:23.1416539+01:00  [WRN] No store type was specified for the decimal property '"Penalite"' on entity type '"BillCalculationModel"'. This will cause values to be silently truncated if they do not fit in the default precision and scale. Explicitly specify the SQL server column type that can accommodate all the values in 'OnModelCreating' using 'HasColumnType', specify precision and scale using 'HasPrecision', or configure a value converter using 'HasConversion'. (fff75eb8)
2024-06-01T12:07:23.1454932+01:00  [WRN] No store type was specified for the decimal property '"PrimePuissance"' on entity type '"BillCalculationModel"'. This will cause values to be silently truncated if they do not fit in the default precision and scale. Explicitly specify the SQL server column type that can accommodate all the values in 'OnModelCreating' using 'HasColumnType', specify precision and scale using 'HasPrecision', or configure a value converter using 'HasConversion'. (fff75eb8)
2024-06-01T12:07:23.1485405+01:00  [WRN] No store type was specified for the decimal property '"PrixUnitaireJour"' on entity type '"BillCalculationModel"'. This will cause values to be silently truncated if they do not fit in the default precision and scale. Explicitly specify the SQL server column type that can accommodate all the values in 'OnModelCreating' using 'HasColumnType', specify precision and scale using 'HasPrecision', or configure a value converter using 'HasConversion'. (fff75eb8)
2024-06-01T12:07:23.1520933+01:00  [WRN] No store type was specified for the decimal property '"PrixUnitaireNuit"' on entity type '"BillCalculationModel"'. This will cause values to be silently truncated if they do not fit in the default precision and scale. Explicitly specify the SQL server column type that can accommodate all the values in 'OnModelCreating' using 'HasColumnType', specify precision and scale using 'HasPrecision', or configure a value converter using 'HasConversion'. (fff75eb8)
2024-06-01T12:07:23.1565335+01:00  [WRN] No store type was specified for the decimal property '"PrixUnitairePointe"' on entity type '"BillCalculationModel"'. This will cause values to be silently truncated if they do not fit in the default precision and scale. Explicitly specify the SQL server column type that can accommodate all the values in 'OnModelCreating' using 'HasColumnType', specify precision and scale using 'HasPrecision', or configure a value converter using 'HasConversion'. (fff75eb8)
2024-06-01T12:07:23.1593546+01:00  [WRN] No store type was specified for the decimal property '"SurtaxeMunicipale"' on entity type '"BillCalculationModel"'. This will cause values to be silently truncated if they do not fit in the default precision and scale. Explicitly specify the SQL server column type that can accommodate all the values in 'OnModelCreating' using 'HasColumnType', specify precision and scale using 'HasPrecision', or configure a value converter using 'HasConversion'. (fff75eb8)
2024-06-01T12:07:23.1625707+01:00  [WRN] No store type was specified for the decimal property '"TvaConsommation"' on entity type '"BillCalculationModel"'. This will cause values to be silently truncated if they do not fit in the default precision and scale. Explicitly specify the SQL server column type that can accommodate all the values in 'OnModelCreating' using 'HasColumnType', specify precision and scale using 'HasPrecision', or configure a value converter using 'HasConversion'. (fff75eb8)
2024-06-01T12:07:23.1652411+01:00  [WRN] No store type was specified for the decimal property '"TvaRedevance"' on entity type '"BillCalculationModel"'. This will cause values to be silently truncated if they do not fit in the default precision and scale. Explicitly specify the SQL server column type that can accommodate all the values in 'OnModelCreating' using 'HasColumnType', specify precision and scale using 'HasPrecision', or configure a value converter using 'HasConversion'. (fff75eb8)
2024-06-01T12:07:24.8738310+01:00  [INF] Executed DbCommand ("107"ms) [Parameters=[""], CommandType='Text', CommandTimeout='30']"
""SELECT 1" (0723d8ff)
2024-06-01T12:07:24.9971448+01:00  [INF] Executed DbCommand ("76"ms) [Parameters=[""], CommandType='Text', CommandTimeout='30']"
""SELECT OBJECT_ID(N'[__EFMigrationsHistory]');" (0723d8ff)
2024-06-01T12:07:25.0075529+01:00  [INF] Executed DbCommand ("1"ms) [Parameters=[""], CommandType='Text', CommandTimeout='30']"
""SELECT 1" (0723d8ff)
2024-06-01T12:07:25.0141265+01:00  [INF] Executed DbCommand ("1"ms) [Parameters=[""], CommandType='Text', CommandTimeout='30']"
""SELECT OBJECT_ID(N'[__EFMigrationsHistory]');" (0723d8ff)
2024-06-01T12:07:25.0800993+01:00  [INF] Executed DbCommand ("27"ms) [Parameters=[""], CommandType='Text', CommandTimeout='30']"
""SELECT [MigrationId], [ProductVersion]
FROM [__EFMigrationsHistory]
ORDER BY [MigrationId];" (0723d8ff)
2024-06-01T12:07:25.1412223+01:00  [INF] Applying migration '"20240531182153_meg"'. (0e2ac64d)
2024-06-01T12:07:25.4496097+01:00  [ERR] Failed executing DbCommand ("37"ms) [Parameters=[""], CommandType='Text', CommandTimeout='30']"
""ALTER TABLE [AppCompteures] ADD [AncienIndexJour] int NOT NULL DEFAULT 0;" (627a98df)
2024-06-01T12:07:25.7415240+01:00  [FTL] An error occured whilst creating/seeding database (b6a8dd65)
Microsoft.Data.SqlClient.SqlException (0x80131904): Cannot find the object "AppCompteures" because it does not exist or you do not have permissions.
   at Microsoft.Data.SqlClient.SqlConnection.OnError(SqlException exception, Boolean breakConnection, Action`1 wrapCloseInAction)
   at Microsoft.Data.SqlClient.SqlInternalConnection.OnError(SqlException exception, Boolean breakConnection, Action`1 wrapCloseInAction)
   at Microsoft.Data.SqlClient.TdsParser.ThrowExceptionAndWarning(TdsParserStateObject stateObj, Boolean callerHasConnectionLock, Boolean asyncClose)
   at Microsoft.Data.SqlClient.TdsParser.TryRun(RunBehavior runBehavior, SqlCommand cmdHandler, SqlDataReader dataStream, BulkCopySimpleResultSet bulkCopyHandler, TdsParserStateObject stateObj, Boolean& dataReady)
   at Microsoft.Data.SqlClient.SqlCommand.InternalEndExecuteNonQuery(IAsyncResult asyncResult, Boolean isInternal, String endMethod)
   at Microsoft.Data.SqlClient.SqlCommand.EndExecuteNonQueryInternal(IAsyncResult asyncResult)
   at Microsoft.Data.SqlClient.SqlCommand.EndExecuteNonQueryAsync(IAsyncResult asyncResult)
   at Microsoft.Data.SqlClient.SqlCommand.<>c.<InternalExecuteNonQueryAsync>b__210_1(IAsyncResult result)
   at System.Threading.Tasks.TaskFactory`1.FromAsyncCoreLogic(IAsyncResult iar, Func`2 endFunction, Action`1 endAction, Task`1 promise, Boolean requiresSynchronization)
--- End of stack trace from previous location ---
   at Microsoft.EntityFrameworkCore.Storage.RelationalCommand.ExecuteNonQueryAsync(RelationalCommandParameterObject parameterObject, CancellationToken cancellationToken)
   at Microsoft.EntityFrameworkCore.Storage.RelationalCommand.ExecuteNonQueryAsync(RelationalCommandParameterObject parameterObject, CancellationToken cancellationToken)
   at Microsoft.EntityFrameworkCore.Storage.RelationalCommand.ExecuteNonQueryAsync(RelationalCommandParameterObject parameterObject, CancellationToken cancellationToken)
   at Microsoft.EntityFrameworkCore.Migrations.Internal.MigrationCommandExecutor.ExecuteNonQueryAsync(IEnumerable`1 migrationCommands, IRelationalConnection connection, CancellationToken cancellationToken)
   at Microsoft.EntityFrameworkCore.Migrations.Internal.MigrationCommandExecutor.ExecuteNonQueryAsync(IEnumerable`1 migrationCommands, IRelationalConnection connection, CancellationToken cancellationToken)
   at Microsoft.EntityFrameworkCore.Migrations.Internal.MigrationCommandExecutor.ExecuteNonQueryAsync(IEnumerable`1 migrationCommands, IRelationalConnection connection, CancellationToken cancellationToken)
   at Microsoft.EntityFrameworkCore.Migrations.Internal.MigrationCommandExecutor.ExecuteNonQueryAsync(IEnumerable`1 migrationCommands, IRelationalConnection connection, CancellationToken cancellationToken)
   at Microsoft.EntityFrameworkCore.Migrations.Internal.Migrator.MigrateAsync(String targetMigration, CancellationToken cancellationToken)
   at QuickApp.Core.Infrastructure.DatabaseSeeder.SeedAsync() in C:\Users\tayss\OneDrive\Desktop\EnerManage\QuickApp-master\QuickApp.Core\Infrastructure\DatabaseSeeder.cs:line 29
   at Program.<Main>$(String[] args) in C:\Users\tayss\OneDrive\Desktop\EnerManage\QuickApp-master\QuickApp.Server\Program.cs:line 262
ClientConnectionId:a70b7fb5-10cc-4b94-8202-1e8a4359a355
Error Number:4902,State:1,Class:16
2024-06-01T12:08:12.5044133+01:00  [WRN] The WebRootPath was not found: "C:\Users\tayss\OneDrive\Desktop\EnerManage\QuickApp-master\QuickApp.Server\wwwroot". Static files may be unavailable. (3ae2c740)
2024-06-01T12:08:13.2606585+01:00  [WRN] No store type was specified for the decimal property '"Bonification"' on entity type '"BillCalculationModel"'. This will cause values to be silently truncated if they do not fit in the default precision and scale. Explicitly specify the SQL server column type that can accommodate all the values in 'OnModelCreating' using 'HasColumnType', specify precision and scale using 'HasPrecision', or configure a value converter using 'HasConversion'. (fff75eb8)
2024-06-01T12:08:13.2612359+01:00  [WRN] No store type was specified for the decimal property '"ContributionGMG"' on entity type '"BillCalculationModel"'. This will cause values to be silently truncated if they do not fit in the default precision and scale. Explicitly specify the SQL server column type that can accommodate all the values in 'OnModelCreating' using 'HasColumnType', specify precision and scale using 'HasPrecision', or configure a value converter using 'HasConversion'. (fff75eb8)
2024-06-01T12:08:13.2617646+01:00  [WRN] No store type was specified for the decimal property '"ContributionRTT"' on entity type '"BillCalculationModel"'. This will cause values to be silently truncated if they do not fit in the default precision and scale. Explicitly specify the SQL server column type that can accommodate all the values in 'OnModelCreating' using 'HasColumnType', specify precision and scale using 'HasPrecision', or configure a value converter using 'HasConversion'. (fff75eb8)
2024-06-01T12:08:13.2620856+01:00  [WRN] No store type was specified for the decimal property '"FraisIntervention"' on entity type '"BillCalculationModel"'. This will cause values to be silently truncated if they do not fit in the default precision and scale. Explicitly specify the SQL server column type that can accommodate all the values in 'OnModelCreating' using 'HasColumnType', specify precision and scale using 'HasPrecision', or configure a value converter using 'HasConversion'. (fff75eb8)
2024-06-01T12:08:13.2623244+01:00  [WRN] No store type was specified for the decimal property '"FraisRelance"' on entity type '"BillCalculationModel"'. This will cause values to be silently truncated if they do not fit in the default precision and scale. Explicitly specify the SQL server column type that can accommodate all the values in 'OnModelCreating' using 'HasColumnType', specify precision and scale using 'HasPrecision', or configure a value converter using 'HasConversion'. (fff75eb8)
2024-06-01T12:08:13.2635270+01:00  [WRN] No store type was specified for the decimal property '"FraisRetard"' on entity type '"BillCalculationModel"'. This will cause values to be silently truncated if they do not fit in the default precision and scale. Explicitly specify the SQL server column type that can accommodate all the values in 'OnModelCreating' using 'HasColumnType', specify precision and scale using 'HasPrecision', or configure a value converter using 'HasConversion'. (fff75eb8)
2024-06-01T12:08:13.2644793+01:00  [WRN] No store type was specified for the decimal property '"LocationMateriel"' on entity type '"BillCalculationModel"'. This will cause values to be silently truncated if they do not fit in the default precision and scale. Explicitly specify the SQL server column type that can accommodate all the values in 'OnModelCreating' using 'HasColumnType', specify precision and scale using 'HasPrecision', or configure a value converter using 'HasConversion'. (fff75eb8)
2024-06-01T12:08:13.2647818+01:00  [WRN] No store type was specified for the decimal property '"Penalite"' on entity type '"BillCalculationModel"'. This will cause values to be silently truncated if they do not fit in the default precision and scale. Explicitly specify the SQL server column type that can accommodate all the values in 'OnModelCreating' using 'HasColumnType', specify precision and scale using 'HasPrecision', or configure a value converter using 'HasConversion'. (fff75eb8)
2024-06-01T12:08:13.2652797+01:00  [WRN] No store type was specified for the decimal property '"PrimePuissance"' on entity type '"BillCalculationModel"'. This will cause values to be silently truncated if they do not fit in the default precision and scale. Explicitly specify the SQL server column type that can accommodate all the values in 'OnModelCreating' using 'HasColumnType', specify precision and scale using 'HasPrecision', or configure a value converter using 'HasConversion'. (fff75eb8)
2024-06-01T12:08:13.2655211+01:00  [WRN] No store type was specified for the decimal property '"PrixUnitaireJour"' on entity type '"BillCalculationModel"'. This will cause values to be silently truncated if they do not fit in the default precision and scale. Explicitly specify the SQL server column type that can accommodate all the values in 'OnModelCreating' using 'HasColumnType', specify precision and scale using 'HasPrecision', or configure a value converter using 'HasConversion'. (fff75eb8)
2024-06-01T12:08:13.2657138+01:00  [WRN] No store type was specified for the decimal property '"PrixUnitaireNuit"' on entity type '"BillCalculationModel"'. This will cause values to be silently truncated if they do not fit in the default precision and scale. Explicitly specify the SQL server column type that can accommodate all the values in 'OnModelCreating' using 'HasColumnType', specify precision and scale using 'HasPrecision', or configure a value converter using 'HasConversion'. (fff75eb8)
2024-06-01T12:08:13.2658824+01:00  [WRN] No store type was specified for the decimal property '"PrixUnitairePointe"' on entity type '"BillCalculationModel"'. This will cause values to be silently truncated if they do not fit in the default precision and scale. Explicitly specify the SQL server column type that can accommodate all the values in 'OnModelCreating' using 'HasColumnType', specify precision and scale using 'HasPrecision', or configure a value converter using 'HasConversion'. (fff75eb8)
2024-06-01T12:08:13.2660899+01:00  [WRN] No store type was specified for the decimal property '"SurtaxeMunicipale"' on entity type '"BillCalculationModel"'. This will cause values to be silently truncated if they do not fit in the default precision and scale. Explicitly specify the SQL server column type that can accommodate all the values in 'OnModelCreating' using 'HasColumnType', specify precision and scale using 'HasPrecision', or configure a value converter using 'HasConversion'. (fff75eb8)
2024-06-01T12:08:13.2665371+01:00  [WRN] No store type was specified for the decimal property '"TvaConsommation"' on entity type '"BillCalculationModel"'. This will cause values to be silently truncated if they do not fit in the default precision and scale. Explicitly specify the SQL server column type that can accommodate all the values in 'OnModelCreating' using 'HasColumnType', specify precision and scale using 'HasPrecision', or configure a value converter using 'HasConversion'. (fff75eb8)
2024-06-01T12:08:13.2676236+01:00  [WRN] No store type was specified for the decimal property '"TvaRedevance"' on entity type '"BillCalculationModel"'. This will cause values to be silently truncated if they do not fit in the default precision and scale. Explicitly specify the SQL server column type that can accommodate all the values in 'OnModelCreating' using 'HasColumnType', specify precision and scale using 'HasPrecision', or configure a value converter using 'HasConversion'. (fff75eb8)
2024-06-01T12:08:13.9677450+01:00  [INF] Executed DbCommand ("28"ms) [Parameters=[""], CommandType='Text', CommandTimeout='30']"
""SELECT 1" (0723d8ff)
2024-06-01T12:08:14.0025255+01:00  [INF] Executed DbCommand ("21"ms) [Parameters=[""], CommandType='Text', CommandTimeout='30']"
""SELECT OBJECT_ID(N'[__EFMigrationsHistory]');" (0723d8ff)
2024-06-01T12:08:14.0056222+01:00  [INF] Executed DbCommand ("1"ms) [Parameters=[""], CommandType='Text', CommandTimeout='30']"
""SELECT 1" (0723d8ff)
2024-06-01T12:08:14.0072736+01:00  [INF] Executed DbCommand ("1"ms) [Parameters=[""], CommandType='Text', CommandTimeout='30']"
""SELECT OBJECT_ID(N'[__EFMigrationsHistory]');" (0723d8ff)
2024-06-01T12:08:14.0315824+01:00  [INF] Executed DbCommand ("8"ms) [Parameters=[""], CommandType='Text', CommandTimeout='30']"
""SELECT [MigrationId], [ProductVersion]
FROM [__EFMigrationsHistory]
ORDER BY [MigrationId];" (0723d8ff)
2024-06-01T12:08:14.0471475+01:00  [INF] Applying migration '"20240531182153_meg"'. (0e2ac64d)
2024-06-01T12:08:14.1192108+01:00  [ERR] Failed executing DbCommand ("9"ms) [Parameters=[""], CommandType='Text', CommandTimeout='30']"
""ALTER TABLE [AppCompteures] ADD [AncienIndexJour] int NOT NULL DEFAULT 0;" (627a98df)
2024-06-01T12:08:14.1857847+01:00  [FTL] An error occured whilst creating/seeding database (b6a8dd65)
Microsoft.Data.SqlClient.SqlException (0x80131904): Cannot find the object "AppCompteures" because it does not exist or you do not have permissions.
   at Microsoft.Data.SqlClient.SqlConnection.OnError(SqlException exception, Boolean breakConnection, Action`1 wrapCloseInAction)
   at Microsoft.Data.SqlClient.SqlInternalConnection.OnError(SqlException exception, Boolean breakConnection, Action`1 wrapCloseInAction)
   at Microsoft.Data.SqlClient.TdsParser.ThrowExceptionAndWarning(TdsParserStateObject stateObj, Boolean callerHasConnectionLock, Boolean asyncClose)
   at Microsoft.Data.SqlClient.TdsParser.TryRun(RunBehavior runBehavior, SqlCommand cmdHandler, SqlDataReader dataStream, BulkCopySimpleResultSet bulkCopyHandler, TdsParserStateObject stateObj, Boolean& dataReady)
   at Microsoft.Data.SqlClient.SqlCommand.InternalEndExecuteNonQuery(IAsyncResult asyncResult, Boolean isInternal, String endMethod)
   at Microsoft.Data.SqlClient.SqlCommand.EndExecuteNonQueryInternal(IAsyncResult asyncResult)
   at Microsoft.Data.SqlClient.SqlCommand.EndExecuteNonQueryAsync(IAsyncResult asyncResult)
   at Microsoft.Data.SqlClient.SqlCommand.<>c.<InternalExecuteNonQueryAsync>b__210_1(IAsyncResult result)
   at System.Threading.Tasks.TaskFactory`1.FromAsyncCoreLogic(IAsyncResult iar, Func`2 endFunction, Action`1 endAction, Task`1 promise, Boolean requiresSynchronization)
--- End of stack trace from previous location ---
   at Microsoft.EntityFrameworkCore.Storage.RelationalCommand.ExecuteNonQueryAsync(RelationalCommandParameterObject parameterObject, CancellationToken cancellationToken)
   at Microsoft.EntityFrameworkCore.Storage.RelationalCommand.ExecuteNonQueryAsync(RelationalCommandParameterObject parameterObject, CancellationToken cancellationToken)
   at Microsoft.EntityFrameworkCore.Storage.RelationalCommand.ExecuteNonQueryAsync(RelationalCommandParameterObject parameterObject, CancellationToken cancellationToken)
   at Microsoft.EntityFrameworkCore.Migrations.Internal.MigrationCommandExecutor.ExecuteNonQueryAsync(IEnumerable`1 migrationCommands, IRelationalConnection connection, CancellationToken cancellationToken)
   at Microsoft.EntityFrameworkCore.Migrations.Internal.MigrationCommandExecutor.ExecuteNonQueryAsync(IEnumerable`1 migrationCommands, IRelationalConnection connection, CancellationToken cancellationToken)
   at Microsoft.EntityFrameworkCore.Migrations.Internal.MigrationCommandExecutor.ExecuteNonQueryAsync(IEnumerable`1 migrationCommands, IRelationalConnection connection, CancellationToken cancellationToken)
   at Microsoft.EntityFrameworkCore.Migrations.Internal.MigrationCommandExecutor.ExecuteNonQueryAsync(IEnumerable`1 migrationCommands, IRelationalConnection connection, CancellationToken cancellationToken)
   at Microsoft.EntityFrameworkCore.Migrations.Internal.Migrator.MigrateAsync(String targetMigration, CancellationToken cancellationToken)
   at QuickApp.Core.Infrastructure.DatabaseSeeder.SeedAsync() in C:\Users\tayss\OneDrive\Desktop\EnerManage\QuickApp-master\QuickApp.Core\Infrastructure\DatabaseSeeder.cs:line 29
   at Program.<Main>$(String[] args) in C:\Users\tayss\OneDrive\Desktop\EnerManage\QuickApp-master\QuickApp.Server\Program.cs:line 262
ClientConnectionId:bd0564ba-cdce-4a4a-912e-18d8bffd8f8a
Error Number:4902,State:1,Class:16
2024-06-01T12:08:33.5915136+01:00  [WRN] The WebRootPath was not found: "C:\Users\tayss\OneDrive\Desktop\EnerManage\QuickApp-master\QuickApp.Server\wwwroot". Static files may be unavailable. (3ae2c740)
2024-06-01T12:08:35.6457772+01:00  [WRN] No store type was specified for the decimal property '"Bonification"' on entity type '"BillCalculationModel"'. This will cause values to be silently truncated if they do not fit in the default precision and scale. Explicitly specify the SQL server column type that can accommodate all the values in 'OnModelCreating' using 'HasColumnType', specify precision and scale using 'HasPrecision', or configure a value converter using 'HasConversion'. (fff75eb8)
2024-06-01T12:08:35.6494168+01:00  [WRN] No store type was specified for the decimal property '"ContributionGMG"' on entity type '"BillCalculationModel"'. This will cause values to be silently truncated if they do not fit in the default precision and scale. Explicitly specify the SQL server column type that can accommodate all the values in 'OnModelCreating' using 'HasColumnType', specify precision and scale using 'HasPrecision', or configure a value converter using 'HasConversion'. (fff75eb8)
2024-06-01T12:08:35.6545844+01:00  [WRN] No store type was specified for the decimal property '"ContributionRTT"' on entity type '"BillCalculationModel"'. This will cause values to be silently truncated if they do not fit in the default precision and scale. Explicitly specify the SQL server column type that can accommodate all the values in 'OnModelCreating' using 'HasColumnType', specify precision and scale using 'HasPrecision', or configure a value converter using 'HasConversion'. (fff75eb8)
2024-06-01T12:08:35.6590763+01:00  [WRN] No store type was specified for the decimal property '"FraisIntervention"' on entity type '"BillCalculationModel"'. This will cause values to be silently truncated if they do not fit in the default precision and scale. Explicitly specify the SQL server column type that can accommodate all the values in 'OnModelCreating' using 'HasColumnType', specify precision and scale using 'HasPrecision', or configure a value converter using 'HasConversion'. (fff75eb8)
2024-06-01T12:08:35.6621680+01:00  [WRN] No store type was specified for the decimal property '"FraisRelance"' on entity type '"BillCalculationModel"'. This will cause values to be silently truncated if they do not fit in the default precision and scale. Explicitly specify the SQL server column type that can accommodate all the values in 'OnModelCreating' using 'HasColumnType', specify precision and scale using 'HasPrecision', or configure a value converter using 'HasConversion'. (fff75eb8)
2024-06-01T12:08:35.6818294+01:00  [WRN] No store type was specified for the decimal property '"FraisRetard"' on entity type '"BillCalculationModel"'. This will cause values to be silently truncated if they do not fit in the default precision and scale. Explicitly specify the SQL server column type that can accommodate all the values in 'OnModelCreating' using 'HasColumnType', specify precision and scale using 'HasPrecision', or configure a value converter using 'HasConversion'. (fff75eb8)
2024-06-01T12:08:35.6881157+01:00  [WRN] No store type was specified for the decimal property '"LocationMateriel"' on entity type '"BillCalculationModel"'. This will cause values to be silently truncated if they do not fit in the default precision and scale. Explicitly specify the SQL server column type that can accommodate all the values in 'OnModelCreating' using 'HasColumnType', specify precision and scale using 'HasPrecision', or configure a value converter using 'HasConversion'. (fff75eb8)
2024-06-01T12:08:35.6916933+01:00  [WRN] No store type was specified for the decimal property '"Penalite"' on entity type '"BillCalculationModel"'. This will cause values to be silently truncated if they do not fit in the default precision and scale. Explicitly specify the SQL server column type that can accommodate all the values in 'OnModelCreating' using 'HasColumnType', specify precision and scale using 'HasPrecision', or configure a value converter using 'HasConversion'. (fff75eb8)
2024-06-01T12:08:35.6945565+01:00  [WRN] No store type was specified for the decimal property '"PrimePuissance"' on entity type '"BillCalculationModel"'. This will cause values to be silently truncated if they do not fit in the default precision and scale. Explicitly specify the SQL server column type that can accommodate all the values in 'OnModelCreating' using 'HasColumnType', specify precision and scale using 'HasPrecision', or configure a value converter using 'HasConversion'. (fff75eb8)
2024-06-01T12:08:35.6972948+01:00  [WRN] No store type was specified for the decimal property '"PrixUnitaireJour"' on entity type '"BillCalculationModel"'. This will cause values to be silently truncated if they do not fit in the default precision and scale. Explicitly specify the SQL server column type that can accommodate all the values in 'OnModelCreating' using 'HasColumnType', specify precision and scale using 'HasPrecision', or configure a value converter using 'HasConversion'. (fff75eb8)
2024-06-01T12:08:35.7058556+01:00  [WRN] No store type was specified for the decimal property '"PrixUnitaireNuit"' on entity type '"BillCalculationModel"'. This will cause values to be silently truncated if they do not fit in the default precision and scale. Explicitly specify the SQL server column type that can accommodate all the values in 'OnModelCreating' using 'HasColumnType', specify precision and scale using 'HasPrecision', or configure a value converter using 'HasConversion'. (fff75eb8)
2024-06-01T12:08:35.7100445+01:00  [WRN] No store type was specified for the decimal property '"PrixUnitairePointe"' on entity type '"BillCalculationModel"'. This will cause values to be silently truncated if they do not fit in the default precision and scale. Explicitly specify the SQL server column type that can accommodate all the values in 'OnModelCreating' using 'HasColumnType', specify precision and scale using 'HasPrecision', or configure a value converter using 'HasConversion'. (fff75eb8)
2024-06-01T12:08:35.7150359+01:00  [WRN] No store type was specified for the decimal property '"SurtaxeMunicipale"' on entity type '"BillCalculationModel"'. This will cause values to be silently truncated if they do not fit in the default precision and scale. Explicitly specify the SQL server column type that can accommodate all the values in 'OnModelCreating' using 'HasColumnType', specify precision and scale using 'HasPrecision', or configure a value converter using 'HasConversion'. (fff75eb8)
2024-06-01T12:08:35.7230548+01:00  [WRN] No store type was specified for the decimal property '"TvaConsommation"' on entity type '"BillCalculationModel"'. This will cause values to be silently truncated if they do not fit in the default precision and scale. Explicitly specify the SQL server column type that can accommodate all the values in 'OnModelCreating' using 'HasColumnType', specify precision and scale using 'HasPrecision', or configure a value converter using 'HasConversion'. (fff75eb8)
2024-06-01T12:08:35.7271647+01:00  [WRN] No store type was specified for the decimal property '"TvaRedevance"' on entity type '"BillCalculationModel"'. This will cause values to be silently truncated if they do not fit in the default precision and scale. Explicitly specify the SQL server column type that can accommodate all the values in 'OnModelCreating' using 'HasColumnType', specify precision and scale using 'HasPrecision', or configure a value converter using 'HasConversion'. (fff75eb8)
2024-06-01T12:08:37.2111129+01:00  [INF] Executed DbCommand ("74"ms) [Parameters=[""], CommandType='Text', CommandTimeout='30']"
""SELECT 1" (0723d8ff)
2024-06-01T12:08:37.3252612+01:00  [INF] Executed DbCommand ("61"ms) [Parameters=[""], CommandType='Text', CommandTimeout='30']"
""SELECT OBJECT_ID(N'[__EFMigrationsHistory]');" (0723d8ff)
2024-06-01T12:08:37.3396429+01:00  [INF] Executed DbCommand ("8"ms) [Parameters=[""], CommandType='Text', CommandTimeout='30']"
""SELECT 1" (0723d8ff)
2024-06-01T12:08:37.3459446+01:00  [INF] Executed DbCommand ("3"ms) [Parameters=[""], CommandType='Text', CommandTimeout='30']"
""SELECT OBJECT_ID(N'[__EFMigrationsHistory]');" (0723d8ff)
2024-06-01T12:08:37.3920767+01:00  [INF] Executed DbCommand ("6"ms) [Parameters=[""], CommandType='Text', CommandTimeout='30']"
""SELECT [MigrationId], [ProductVersion]
FROM [__EFMigrationsHistory]
ORDER BY [MigrationId];" (0723d8ff)
2024-06-01T12:08:37.4428123+01:00  [INF] Applying migration '"20240531182153_meg"'. (0e2ac64d)
2024-06-01T12:08:37.7649811+01:00  [ERR] Failed executing DbCommand ("14"ms) [Parameters=[""], CommandType='Text', CommandTimeout='30']"
""ALTER TABLE [AppCompteures] ADD [AncienIndexJour] int NOT NULL DEFAULT 0;" (627a98df)
2024-06-01T12:08:37.9944330+01:00  [FTL] An error occured whilst creating/seeding database (b6a8dd65)
Microsoft.Data.SqlClient.SqlException (0x80131904): Cannot find the object "AppCompteures" because it does not exist or you do not have permissions.
   at Microsoft.Data.SqlClient.SqlConnection.OnError(SqlException exception, Boolean breakConnection, Action`1 wrapCloseInAction)
   at Microsoft.Data.SqlClient.SqlInternalConnection.OnError(SqlException exception, Boolean breakConnection, Action`1 wrapCloseInAction)
   at Microsoft.Data.SqlClient.TdsParser.ThrowExceptionAndWarning(TdsParserStateObject stateObj, Boolean callerHasConnectionLock, Boolean asyncClose)
   at Microsoft.Data.SqlClient.TdsParser.TryRun(RunBehavior runBehavior, SqlCommand cmdHandler, SqlDataReader dataStream, BulkCopySimpleResultSet bulkCopyHandler, TdsParserStateObject stateObj, Boolean& dataReady)
   at Microsoft.Data.SqlClient.SqlCommand.InternalEndExecuteNonQuery(IAsyncResult asyncResult, Boolean isInternal, String endMethod)
   at Microsoft.Data.SqlClient.SqlCommand.EndExecuteNonQueryInternal(IAsyncResult asyncResult)
   at Microsoft.Data.SqlClient.SqlCommand.EndExecuteNonQueryAsync(IAsyncResult asyncResult)
   at Microsoft.Data.SqlClient.SqlCommand.<>c.<InternalExecuteNonQueryAsync>b__210_1(IAsyncResult result)
   at System.Threading.Tasks.TaskFactory`1.FromAsyncCoreLogic(IAsyncResult iar, Func`2 endFunction, Action`1 endAction, Task`1 promise, Boolean requiresSynchronization)
--- End of stack trace from previous location ---
   at Microsoft.EntityFrameworkCore.Storage.RelationalCommand.ExecuteNonQueryAsync(RelationalCommandParameterObject parameterObject, CancellationToken cancellationToken)
   at Microsoft.EntityFrameworkCore.Storage.RelationalCommand.ExecuteNonQueryAsync(RelationalCommandParameterObject parameterObject, CancellationToken cancellationToken)
   at Microsoft.EntityFrameworkCore.Storage.RelationalCommand.ExecuteNonQueryAsync(RelationalCommandParameterObject parameterObject, CancellationToken cancellationToken)
   at Microsoft.EntityFrameworkCore.Migrations.Internal.MigrationCommandExecutor.ExecuteNonQueryAsync(IEnumerable`1 migrationCommands, IRelationalConnection connection, CancellationToken cancellationToken)
   at Microsoft.EntityFrameworkCore.Migrations.Internal.MigrationCommandExecutor.ExecuteNonQueryAsync(IEnumerable`1 migrationCommands, IRelationalConnection connection, CancellationToken cancellationToken)
   at Microsoft.EntityFrameworkCore.Migrations.Internal.MigrationCommandExecutor.ExecuteNonQueryAsync(IEnumerable`1 migrationCommands, IRelationalConnection connection, CancellationToken cancellationToken)
   at Microsoft.EntityFrameworkCore.Migrations.Internal.MigrationCommandExecutor.ExecuteNonQueryAsync(IEnumerable`1 migrationCommands, IRelationalConnection connection, CancellationToken cancellationToken)
   at Microsoft.EntityFrameworkCore.Migrations.Internal.Migrator.MigrateAsync(String targetMigration, CancellationToken cancellationToken)
   at QuickApp.Core.Infrastructure.DatabaseSeeder.SeedAsync() in C:\Users\tayss\OneDrive\Desktop\EnerManage\QuickApp-master\QuickApp.Core\Infrastructure\DatabaseSeeder.cs:line 29
   at Program.<Main>$(String[] args) in C:\Users\tayss\OneDrive\Desktop\EnerManage\QuickApp-master\QuickApp.Server\Program.cs:line 262
ClientConnectionId:f9be4c23-acf9-425d-a9fe-d1f1f2cbfd1b
Error Number:4902,State:1,Class:16
